<?xml version="1.0" encoding="UTF-8"?>
<testng-results ignored="0" total="1" passed="1" failed="0" skipped="0">
  <reporter-output>
  </reporter-output>
  <suite started-at="2023-09-04T13:59:29 IST" name="Adding Product to Cart demo" finished-at="2023-09-04T14:00:28 IST" duration-ms="59098">
    <groups>
      <group name="cucumber">
        <method signature="AbstractTestNGCucumberTests.runScenario(io.cucumber.testng.PickleWrapper,io.cucumber.testng.FeatureWrapper)[pri:0, instance:runner.FlipKartRunner@5d534f5d]" name="runScenario" class="io.cucumber.testng.AbstractTestNGCucumberTests"/>
      </group> <!-- cucumber -->
    </groups>
    <test started-at="2023-09-04T13:59:29 IST" name="Add Product to Cart" finished-at="2023-09-04T14:00:28 IST" duration-ms="59098">
      <class name="runner.FlipKartRunner">
        <test-method is-config="true" signature="setUpClass(org.testng.ITestContext)[pri:0, instance:runner.FlipKartRunner@5d534f5d]" started-at="2023-09-04T13:59:29 IST" name="setUpClass" finished-at="2023-09-04T13:59:30 IST" duration-ms="1607" status="PASS">
          <params>
            <param index="0">
              <value>
                <![CDATA[org.testng.TestRunner@6bfbab1c]]>
              </value>
            </param>
          </params>
          <reporter-output>
          </reporter-output>
        </test-method> <!-- setUpClass -->
        <test-method signature="runScenario(io.cucumber.testng.PickleWrapper,io.cucumber.testng.FeatureWrapper)[pri:0, instance:runner.FlipKartRunner@5d534f5d]" started-at="2023-09-04T13:59:30 IST" name="runScenario" description="Runs Cucumber Scenarios" data-provider="scenarios" finished-at="2023-09-04T14:00:20 IST" duration-ms="49888" status="PASS">
          <params>
            <param index="0">
              <value>
                <![CDATA["Serach the given product and add it to cart"]]>
              </value>
            </param>
            <param index="1">
              <value>
                <![CDATA["Add Product to Cart"]]>
              </value>
            </param>
          </params>
          <reporter-output>
          </reporter-output>
        </test-method> <!-- runScenario -->
        <test-method is-config="true" signature="tearDownClass()[pri:0, instance:runner.FlipKartRunner@5d534f5d]" started-at="2023-09-04T14:00:20 IST" name="tearDownClass" finished-at="2023-09-04T14:00:28 IST" duration-ms="7531" status="PASS">
          <reporter-output>
          </reporter-output>
        </test-method> <!-- tearDownClass -->
      </class> <!-- runner.FlipKartRunner -->
    </test> <!-- Add Product to Cart -->
  </suite> <!-- Adding Product to Cart demo -->
</testng-results>
